\BOOKMARK [0][-]{chapter.1}{Introduction}{}% 1
\BOOKMARK [1][-]{section.1.1}{The oxidation of Ammonia}{chapter.1}% 2
\BOOKMARK [2][-]{subsection.1.1.1}{From industry to model catalysis}{section.1.1}% 3
\BOOKMARK [2][-]{subsection.1.1.2}{Crystal structures}{section.1.1}% 4
\BOOKMARK [2][-]{subsection.1.1.3}{Pt 111}{section.1.1}% 5
\BOOKMARK [2][-]{subsection.1.1.4}{Pt 100}{section.1.1}% 6
\BOOKMARK [2][-]{subsection.1.1.5}{Nanoparticles}{section.1.1}% 7
\BOOKMARK [1][-]{section.1.2}{Aim and Scope}{chapter.1}% 8
\BOOKMARK [1][-]{section.1.3}{Outline of the Thesis}{chapter.1}% 9
\BOOKMARK [0][-]{chapter.2}{Theory and methods}{}% 10
\BOOKMARK [1][-]{section.2.1}{X-ray interaction with matter}{chapter.2}% 11
\BOOKMARK [2][-]{subsection.2.1.1}{Scattering from electrons and atoms}{section.2.1}% 12
\BOOKMARK [2][-]{subsection.2.1.2}{Scattering from crystals}{section.2.1}% 13
\BOOKMARK [2][-]{subsection.2.1.3}{Bragg's Law}{section.2.1}% 14
\BOOKMARK [2][-]{subsection.2.1.4}{Structure factor}{section.2.1}% 15
\BOOKMARK [2][-]{subsection.2.1.5}{Lattice factor}{section.2.1}% 16
\BOOKMARK [2][-]{subsection.2.1.6}{Coherence}{section.2.1}% 17
\BOOKMARK [1][-]{section.2.2}{Synchrotron radiation}{chapter.2}% 18
\BOOKMARK [2][-]{subsection.2.2.1}{Tailored for the study of materials}{section.2.2}% 19
\BOOKMARK [2][-]{subsection.2.2.2}{The SixS beamline}{section.2.2}% 20
\BOOKMARK [2][-]{subsection.2.2.3}{Data collection}{section.2.2}% 21
\BOOKMARK [2][-]{subsection.2.2.4}{Intensity of a Bragg peak}{section.2.2}% 22
